d:\it\svg-reader\svg-reader\x64\debug\vc143.pdb
d:\it\svg-reader\svg-reader\x64\debug\vc143.idb
d:\it\svg-reader\svg-reader\x64\debug\svgtext.obj
d:\it\svg-reader\svg-reader\x64\debug\svgstyle.obj
d:\it\svg-reader\svg-reader\x64\debug\svgsquare.obj
d:\it\svg-reader\svg-reader\x64\debug\svgrenderer.obj
d:\it\svg-reader\svg-reader\x64\debug\svgrectangle.obj
d:\it\svg-reader\svg-reader\x64\debug\svgpolyshapebase.obj
d:\it\svg-reader\svg-reader\x64\debug\svgpolyline.obj
d:\it\svg-reader\svg-reader\x64\debug\svgpolygon.obj
d:\it\svg-reader\svg-reader\x64\debug\svgparser.obj
d:\it\svg-reader\svg-reader\x64\debug\svgline.obj
d:\it\svg-reader\svg-reader\x64\debug\svggroup.obj
d:\it\svg-reader\svg-reader\x64\debug\svgfactorypattern.obj
d:\it\svg-reader\svg-reader\x64\debug\svgellipse.obj
d:\it\svg-reader\svg-reader\x64\debug\svgelement.obj
d:\it\svg-reader\svg-reader\x64\debug\svgdocument.obj
d:\it\svg-reader\svg-reader\x64\debug\svgcircle.obj
d:\it\svg-reader\svg-reader\x64\debug\stroke.obj
d:\it\svg-reader\svg-reader\x64\debug\main.obj
d:\it\svg-reader\svg-reader\x64\debug\custompoint.obj
d:\it\svg-reader\svg-reader\x64\debug\customcolor.obj
d:\it\svg-reader\svg-reader\x64\debug\tinyxml2.obj
d:\it\svg-reader\x64\debug\svg-reader.pdb
d:\it\svg-reader\svg-reader\x64\debug\svg-reader.tlog\cl.command.1.tlog
d:\it\svg-reader\svg-reader\x64\debug\svg-reader.tlog\cl.read.1.tlog
d:\it\svg-reader\svg-reader\x64\debug\svg-reader.tlog\cl.write.1.tlog
d:\it\svg-reader\svg-reader\x64\debug\svg-reader.tlog\link-cvtres.read.1.tlog
d:\it\svg-reader\svg-reader\x64\debug\svg-reader.tlog\link-cvtres.write.1.tlog
d:\it\svg-reader\svg-reader\x64\debug\svg-reader.tlog\link-rc.read.1.tlog
d:\it\svg-reader\svg-reader\x64\debug\svg-reader.tlog\link-rc.write.1.tlog
d:\it\svg-reader\svg-reader\x64\debug\svg-reader.tlog\link.command.1.tlog
d:\it\svg-reader\svg-reader\x64\debug\svg-reader.tlog\link.read.1.tlog
d:\it\svg-reader\svg-reader\x64\debug\svg-reader.tlog\link.read.2.tlog
d:\it\svg-reader\svg-reader\x64\debug\svg-reader.tlog\link.write.1.tlog
