  main.cpp
D:\IT\SVG-Reader_OOP\SVG-Reader_OOP-SVGParser_and_Viewbox\SVG-Reader\SVGRenderer.h(15,7): warning C4099: 'CustomPoint': type name first seen using 'struct' now seen using 'class'
  (compiling source file 'main.cpp')
      D:\IT\SVG-Reader_OOP\SVG-Reader_OOP-SVGParser_and_Viewbox\SVG-Reader\CustomPoint.h(9,8):
      see declaration of 'CustomPoint'
  
C:\Program Files\Microsoft Visual Studio\2022\Community\VC\Tools\MSVC\14.43.34808\include\xutility(4829,18): warning C4244: '=': conversion from 'wchar_t' to 'char', possible loss of data
  (compiling source file 'main.cpp')
      C:\Program Files\Microsoft Visual Studio\2022\Community\VC\Tools\MSVC\14.43.34808\include\xutility(4829,18):
      the template instantiation context (the oldest one first) is
          D:\IT\SVG-Reader_OOP\SVG-Reader_OOP-SVGParser_and_Viewbox\SVG-Reader\main.cpp(374,28):
          see reference to function template instantiation 'std::basic_string<char,std::char_traits<char>,std::allocator<char>>::basic_string<std::_String_iterator<std::_String_val<std::_Simple_types<_Elem>>>,0>(_Iter,_Iter,const _Alloc &)' being compiled
          with
          [
              _Elem=wchar_t,
              _Iter=std::_String_iterator<std::_String_val<std::_Simple_types<wchar_t>>>,
              _Alloc=std::allocator<char>
          ]
              D:\IT\SVG-Reader_OOP\SVG-Reader_OOP-SVGParser_and_Viewbox\SVG-Reader\main.cpp(374,28):
              see the first reference to 'std::basic_string<char,std::char_traits<char>,std::allocator<char>>::basic_string' in 'wWinMain'
          C:\Program Files\Microsoft Visual Studio\2022\Community\VC\Tools\MSVC\14.43.34808\include\xstring(788,17):
          see reference to function template instantiation 'void std::basic_string<char,std::char_traits<char>,std::allocator<char>>::_Construct_from_iter<wchar_t*,wchar_t*,_Size_type>(_Iter,const _Sent,_Size)' being compiled
          with
          [
              _Size_type=unsigned __int64,
              _Iter=wchar_t *,
              _Sent=wchar_t *,
              _Size=unsigned __int64
          ]
          C:\Program Files\Microsoft Visual Studio\2022\Community\VC\Tools\MSVC\14.43.34808\include\xstring(944,18):
          see reference to function template instantiation '_OutIt *std::_Copy_n_unchecked4<wchar_t*,_Size,char*>(_InIt,_SizeTy,_OutIt)' being compiled
          with
          [
              _OutIt=char *,
              _Size=unsigned __int64,
              _InIt=wchar_t *,
              _SizeTy=unsigned __int64
          ]
  
  Generating code
  2 of 2961 functions (<0.1%) were compiled, the rest were copied from previous compilation.
    0 functions were new in current compilation
    4 functions had inline decision re-evaluated but remain unchanged
  Finished generating code
  SVG-Reader.vcxproj -> D:\IT\SVG-Reader_OOP\SVG-Reader_OOP-SVGParser_and_Viewbox\x64\Release\SVG-Reader.exe
