c:\users\lenovo\downloads\svg-reader_oop-svgparser_and_viewbox (1)\svg-reader_oop-svgparser_and_viewbox\svg-reader\x64\debug\vc143.pdb
c:\users\lenovo\downloads\svg-reader_oop-svgparser_and_viewbox (1)\svg-reader_oop-svgparser_and_viewbox\svg-reader\x64\debug\vc143.idb
c:\users\lenovo\downloads\svg-reader_oop-svgparser_and_viewbox (1)\svg-reader_oop-svgparser_and_viewbox\svg-reader\x64\debug\svgradialgradient.obj
c:\users\lenovo\downloads\svg-reader_oop-svgparser_and_viewbox (1)\svg-reader_oop-svgparser_and_viewbox\svg-reader\x64\debug\svgpolyshapebase.obj
c:\users\lenovo\downloads\svg-reader_oop-svgparser_and_viewbox (1)\svg-reader_oop-svgparser_and_viewbox\svg-reader\x64\debug\svgpolyline.obj
c:\users\lenovo\downloads\svg-reader_oop-svgparser_and_viewbox (1)\svg-reader_oop-svgparser_and_viewbox\svg-reader\x64\debug\svgpolygon.obj
c:\users\lenovo\downloads\svg-reader_oop-svgparser_and_viewbox (1)\svg-reader_oop-svgparser_and_viewbox\svg-reader\x64\debug\svgpath.obj
c:\users\lenovo\downloads\svg-reader_oop-svgparser_and_viewbox (1)\svg-reader_oop-svgparser_and_viewbox\svg-reader\x64\debug\svgparser.obj
c:\users\lenovo\downloads\svg-reader_oop-svgparser_and_viewbox (1)\svg-reader_oop-svgparser_and_viewbox\svg-reader\x64\debug\svglineargradient.obj
c:\users\lenovo\downloads\svg-reader_oop-svgparser_and_viewbox (1)\svg-reader_oop-svgparser_and_viewbox\svg-reader\x64\debug\svgline.obj
c:\users\lenovo\downloads\svg-reader_oop-svgparser_and_viewbox (1)\svg-reader_oop-svgparser_and_viewbox\svg-reader\x64\debug\svggroup.obj
c:\users\lenovo\downloads\svg-reader_oop-svgparser_and_viewbox (1)\svg-reader_oop-svgparser_and_viewbox\svg-reader\x64\debug\svggradient.obj
c:\users\lenovo\downloads\svg-reader_oop-svgparser_and_viewbox (1)\svg-reader_oop-svgparser_and_viewbox\svg-reader\x64\debug\svgfactorypattern.obj
c:\users\lenovo\downloads\svg-reader_oop-svgparser_and_viewbox (1)\svg-reader_oop-svgparser_and_viewbox\svg-reader\x64\debug\svgellipse.obj
c:\users\lenovo\downloads\svg-reader_oop-svgparser_and_viewbox (1)\svg-reader_oop-svgparser_and_viewbox\svg-reader\x64\debug\svgelement.obj
c:\users\lenovo\downloads\svg-reader_oop-svgparser_and_viewbox (1)\svg-reader_oop-svgparser_and_viewbox\svg-reader\x64\debug\svgdocumentcontext.obj
c:\users\lenovo\downloads\svg-reader_oop-svgparser_and_viewbox (1)\svg-reader_oop-svgparser_and_viewbox\svg-reader\x64\debug\svgdocument.obj
c:\users\lenovo\downloads\svg-reader_oop-svgparser_and_viewbox (1)\svg-reader_oop-svgparser_and_viewbox\svg-reader\x64\debug\svgcircle.obj
c:\users\lenovo\downloads\svg-reader_oop-svgparser_and_viewbox (1)\svg-reader_oop-svgparser_and_viewbox\svg-reader\x64\debug\stroke.obj
c:\users\lenovo\downloads\svg-reader_oop-svgparser_and_viewbox (1)\svg-reader_oop-svgparser_and_viewbox\svg-reader\x64\debug\main.obj
c:\users\lenovo\downloads\svg-reader_oop-svgparser_and_viewbox (1)\svg-reader_oop-svgparser_and_viewbox\svg-reader\x64\debug\custompoint.obj
c:\users\lenovo\downloads\svg-reader_oop-svgparser_and_viewbox (1)\svg-reader_oop-svgparser_and_viewbox\svg-reader\x64\debug\customcolor.obj
c:\users\lenovo\downloads\svg-reader_oop-svgparser_and_viewbox (1)\svg-reader_oop-svgparser_and_viewbox\svg-reader\x64\debug\tinyxml2.obj
c:\users\lenovo\downloads\svg-reader_oop-svgparser_and_viewbox (1)\svg-reader_oop-svgparser_and_viewbox\svg-reader\x64\debug\svgtransform.obj
c:\users\lenovo\downloads\svg-reader_oop-svgparser_and_viewbox (1)\svg-reader_oop-svgparser_and_viewbox\svg-reader\x64\debug\svgtext.obj
c:\users\lenovo\downloads\svg-reader_oop-svgparser_and_viewbox (1)\svg-reader_oop-svgparser_and_viewbox\svg-reader\x64\debug\svgstyle.obj
c:\users\lenovo\downloads\svg-reader_oop-svgparser_and_viewbox (1)\svg-reader_oop-svgparser_and_viewbox\svg-reader\x64\debug\svgstop.obj
c:\users\lenovo\downloads\svg-reader_oop-svgparser_and_viewbox (1)\svg-reader_oop-svgparser_and_viewbox\svg-reader\x64\debug\svgsquare.obj
c:\users\lenovo\downloads\svg-reader_oop-svgparser_and_viewbox (1)\svg-reader_oop-svgparser_and_viewbox\svg-reader\x64\debug\svgrenderer.obj
c:\users\lenovo\downloads\svg-reader_oop-svgparser_and_viewbox (1)\svg-reader_oop-svgparser_and_viewbox\svg-reader\x64\debug\svgrectangle.obj
c:\users\lenovo\downloads\svg-reader_oop-svgparser_and_viewbox (1)\svg-reader_oop-svgparser_and_viewbox\x64\debug\svg-reader.exe
c:\users\lenovo\downloads\svg-reader_oop-svgparser_and_viewbox (1)\svg-reader_oop-svgparser_and_viewbox\x64\debug\svg-reader.pdb
c:\users\lenovo\downloads\svg-reader_oop-svgparser_and_viewbox (1)\svg-reader_oop-svgparser_and_viewbox\svg-reader\x64\debug\svg-reader.ilk
c:\users\lenovo\downloads\svg-reader_oop-svgparser_and_viewbox (1)\svg-reader_oop-svgparser_and_viewbox\svg-reader\x64\debug\svg-reader.tlog\cl.command.1.tlog
c:\users\lenovo\downloads\svg-reader_oop-svgparser_and_viewbox (1)\svg-reader_oop-svgparser_and_viewbox\svg-reader\x64\debug\svg-reader.tlog\cl.items.tlog
c:\users\lenovo\downloads\svg-reader_oop-svgparser_and_viewbox (1)\svg-reader_oop-svgparser_and_viewbox\svg-reader\x64\debug\svg-reader.tlog\cl.read.1.tlog
c:\users\lenovo\downloads\svg-reader_oop-svgparser_and_viewbox (1)\svg-reader_oop-svgparser_and_viewbox\svg-reader\x64\debug\svg-reader.tlog\cl.write.1.tlog
c:\users\lenovo\downloads\svg-reader_oop-svgparser_and_viewbox (1)\svg-reader_oop-svgparser_and_viewbox\svg-reader\x64\debug\svg-reader.tlog\link.command.1.tlog
c:\users\lenovo\downloads\svg-reader_oop-svgparser_and_viewbox (1)\svg-reader_oop-svgparser_and_viewbox\svg-reader\x64\debug\svg-reader.tlog\link.read.1.tlog
c:\users\lenovo\downloads\svg-reader_oop-svgparser_and_viewbox (1)\svg-reader_oop-svgparser_and_viewbox\svg-reader\x64\debug\svg-reader.tlog\link.secondary.1.tlog
c:\users\lenovo\downloads\svg-reader_oop-svgparser_and_viewbox (1)\svg-reader_oop-svgparser_and_viewbox\svg-reader\x64\debug\svg-reader.tlog\link.write.1.tlog
